<?xml version="1.0" encoding="UTF-8"?>
<!-- Generated by org.testng.reporters.JUnitReportReporter -->
<testsuite hostname="DESKTOP-2FHVOKV" failures="0" tests="1" name="convert.way2" time="0.010" errors="0" timestamp="2021-03-30T20:29:44 IDT" skipped="0">
  <testcase classname="convert.way2" name="testway2" time="0.010"/>
  <system-out/>
</testsuite> <!-- convert.way2 -->
