<?xml version="1.0" encoding="UTF-8"?>
<!-- Generated by org.testng.reporters.JUnitReportReporter -->
<testsuite hostname="DESKTOP-2FHVOKV" failures="0" tests="1" name="convert.way1" time="0.013" errors="0" timestamp="2021-03-30T19:54:05 IDT" skipped="0">
  <testcase classname="convert.way1" name="testway1" time="0.013"/>
  <system-out/>
</testsuite> <!-- convert.way1 -->
