<?xml version="1.0" encoding="UTF-8"?>
<!-- Generated by org.testng.reporters.JUnitReportReporter -->
<testsuite hostname="DESKTOP-2FHVOKV" failures="0" tests="2" name="convert.TestConverting" time="0.016" errors="0" timestamp="2021-03-30T22:35:30 IDT" skipped="0">
  <testcase classname="convert.TestConverting" name="testway2" time="0.004"/>
  <system-out/>
  <testcase classname="convert.TestConverting" name="testway1" time="0.012"/>
  <system-out/>
</testsuite> <!-- convert.TestConverting -->
